
         ==============================
         S N O P T  7.5-1.4  (Dec 2015)
         ==============================
1
 

 SPECS file
 ----------

      Begin  Toy NLP problem
         Major Print level           000001
      *                             (JFLXBT)
         Minor print level                1
         Solution                       yes
      End   Toy NLP problem
1
 
 SNSPEC EXIT 100 -- finished successfully
 SNSPEC INFO 101 -- SPECS file read
      Major Iteration limit                                          250
1
 
 SNMEMA EXIT 100 -- finished successfully
 SNMEMA INFO 104 -- memory requirements estimated

 
 ===>  No objective row specified --- finding a feasible point.
1
 
 Parameters
 ==========

 Files
 -----
 Solution file..........         0       Old basis file ........         0       Standard input.........         5
 Insert file............         0       New basis file ........         0       (Printer)..............         9
 Punch file.............         0       Backup basis file......         0       (Specs file)...........         4
 Load file..............         0       Dump file..............         0       Standard output........         6

 Frequencies
 -----------
 Print frequency........       100       Check frequency........        60       Save new basis map.....       100
 Summary frequency......       100       Factorization frequency       100       Expand frequency.......     10000

 QP subproblems
 --------------
 QPsolver Cholesky......
 Scale tolerance........     0.900       Minor feasibility tol..  1.00E-06       Iteration limit........     10000
 Scale option...........         0       Minor optimality  tol..  1.00E-06       Minor print level......         1
 Crash tolerance........     0.100       Pivot tolerance........  3.25E-11       New superbasics........        99
 Crash option...........         3       Elastic weight.........  1.00E+00

 Partial pricing
 ---------------
 LP Partial price.......         4       Prtl price section ( A)        10       Prtl price section (-I)        10
 QP Partial price.......         4       Prtl price section ( A)        10       Prtl price section (-I)        10

 The SQP Method
 --------------
 Feasible point only....                 Cold start.............                 Proximal Point method..         1
 Nonlinear objectiv vars         0       Objective Row..........         0       Function precision.....  3.00E-13
 Unbounded step size....  1.00E+20       Superbasics limit......         1       Difference interval....  5.48E-07
 Unbounded objective....  1.00E+10       Reduced Hessian dim....         1       Central difference int.  6.70E-05
 Major step limit.......  2.00E+00       Derivative linesearch..                 Derivative option......         1
 Major iterations limit.       250       Linesearch tolerance...   0.90000       Verify level...........         0
 Minor iterations limit.       500       Penalty parameter......  0.00E+00       Major Print Level......         1
 Time limit (secs)...... 9999999.0       Major optimality tol...  2.00E-06

 Miscellaneous
 -------------
 LU factor tolerance....    100.00       LU singularity tol.....  3.25E-11       Timing level...........         3
 LU update tolerance....     10.00       LU swap tolerance......  1.22E-04       Debug level............         0
 LU partial  pivoting...                 eps (machine precision)  2.22E-16       System information.....        No
                                                                                 Sticky parameters......        No

 Total char*8  workspace       500       Total integer workspace     44464       Total real    workspace     32941
 Total char*8  (minimum)       500       Total integer (minimum)      3310       Total real    (minimum)      3992
 

 

 Matrix statistics
 -----------------
               Total      Normal        Free       Fixed     Bounded
 Rows             40           0           0          40           0
 Columns          40          40           0           0           0

 No. of matrix elements                 1600     Density     100.000
 Biggest                          0.0000E+00  (excluding fixed columns,
 Smallest                         0.0000E+00   free rows, and RHS)

 No. of objective coefficients             0

 Nonlinear constraints       0     Linear constraints      40
 Nonlinear variables         0     Linear variables        40
 Jacobian  variables         0     Objective variables      0
 Total constraints          40     Total variables         40
1
 
 Initial basis
 -------------

 No basis file supplied

 Crash option  3

 Crash on linear E  rows:
 Slacks     0  Free cols     0  Preferred     0
 Unit      12  Double        0  Triangle      1  Pad    27
1
 
 SNOPTA EXIT   0 -- finished successfully
 SNOPTA INFO   1 -- optimality conditions satisfied

 Problem name
 No. of iterations                  32   Objective            0.0000000000E+00
 No. of degenerate steps             1   Percentage                       3.13
 Max x                      37 4.0E+00   Max pi                      1 0.0E+00
 Max Primal infeas          66 5.5E-15   Max Dual infeas             0 0.0E+00
1
 
 Name                                    Objective Value      0.0000000000E+00

 Status         Optimal Soln             Iteration     32    Superbasics     0

 Objective               (Min)
 RHS
 Ranges
 Bounds

 Section 1 - Rows

  Number  ...Row.. State  ...Activity...  Slack Activity  ..Lower Limit.  ..Upper Limit.  .Dual Activity    ..i
 
      41  r      1 A  EQ         0.00981          .              0.00981         0.00981          .           1
      42  r      2 A  EQ         0.00981          .              0.00981         0.00981          .           2
      43  r      3 A  EQ         0.00981          .              0.00981         0.00981          .           3
      44  r      4 A  EQ         0.00981          .              0.00981         0.00981          .           4
      45  r      5 D  BS         0.00000         0.00000         0.00000         0.00000          .           5
      46  r      6 A  EQ         0.00000          .              0.00000         0.00000          .           6
      47  r      7 D  BS         0.00000         0.00000         0.00000         0.00000          .           7
      48  r      8 D  BS         0.00000         0.00000        -0.00000        -0.00000          .           8
      49  r      9 D  BS        -0.00000        -0.00000        -0.00000        -0.00000          .           9
      50  r     10 D  BS        -0.00000        -0.00000        -0.00000        -0.00000          .          10
      51  r     11 D  BS        -0.00000        -0.00000        -0.00000        -0.00000          .          11
      52  r     12 D  BS        -0.00000        -0.00000         0.00000         0.00000          .          12
      53  r     13 D  BS        -0.00000        -0.00000         0.00000         0.00000          .          13
      54  r     14 D  BS        -0.00000        -0.00000         0.00000         0.00000          .          14
      55  r     15 D  BS         0.00000         0.00000         0.00000         0.00000          .          15
      56  r     16 D  BS         0.00000         0.00000        -0.00000        -0.00000          .          16
      57  r     17 A  EQ        -0.00000          .             -0.00000        -0.00000          .          17
      58  r     18 D  BS         0.00000         0.00000        -0.00000        -0.00000          .          18
      59  r     19 D  BS        -0.00000        -0.00000        -0.00000        -0.00000          .          19
      60  r     20 D  BS        -0.00000        -0.00000         0.00000         0.00000          .          20
      61  r     21 D  BS        -0.00000        -0.00000         0.00000         0.00000          .          21
      62  r     22 D  BS        -0.00000        -0.00000         0.00000         0.00000          .          22
      63  r     23 D  BS        -0.00000        -0.00000        -0.00000        -0.00000          .          23
      64  r     24 D  BS         0.00000         0.00000        -0.00000        -0.00000          .          24
      65  r     25 A  EQ        -0.00000          .             -0.00000        -0.00000          .          25
      66  r     26 D  BS         0.00000         0.00000        -0.00000        -0.00000          .          26
      67  r     27 D  BS         0.00000         0.00000         0.00000         0.00000          .          27
      68  r     28 D  BS        -0.00000        -0.00000         0.00000         0.00000          .          28
      69  r     29 A  EQ         0.00000          .              0.00000         0.00000          .          29
      70  r     30 A  EQ         0.00000          .              0.00000         0.00000          .          30
      71  r     31 A  EQ        -0.00000          .             -0.00000        -0.00000          .          31
      72  r     32 A  EQ        -0.00000          .             -0.00000        -0.00000          .          32
      73  r     33 A  EQ        -0.00000          .             -0.00000        -0.00000          .          33
      74  r     34 A  EQ        -0.00000          .             -0.00000        -0.00000          .          34
      75  r     35 A  EQ         0.00000          .              0.00000         0.00000          .          35
      76  r     36 A  EQ         0.00000          .              0.00000         0.00000          .          36
      77  r     37 A  EQ          .               .               .               .               .          37
      78  r     38 A  EQ          .               .               .               .               .          38
      79  r     39 A  EQ          .               .               .               .               .          39
      80  r     40 D  BS          .               .               .               .               .          40
1
 
 Section 2 - Columns

  Number  .Column. State  ...Activity...  .Obj Gradient.  ..Lower Limit.  ..Upper Limit.  Reduced Gradnt    m+j
 
       1  x      1    BS         0.00490          .               .                None           .          41
       2  x      2    BS         0.00000          .               .                None           .          42
       3  x      3    BS         0.00490          .               .                None           .          43
       4  x      4 A  LL          .               .               .                None           .          44
       5  x      5 A  LL          .               .               .                None           .          45
       6  x      6 A  LL          .               .               .                None           .          46
       7  x      7 A  LL          .               .               .                None           .          47
       8  x      8 A  LL          .               .               .                None           .          48
       9  x      9 A  LL          .               .               .                None           .          49
      10  x     10 A  LL          .               .               .                None           .          50
      11  x     11 D  BS        -0.00000          .               .                None           .          51
      12  x     12 A  LL          .               .               .                None           .          52
      13  x     13 A  LL          .               .               .                None           .          53
      14  x     14 A  LL          .               .               .                None           .          54
      15  x     15 D  BS        -0.00000          .               .                None           .          55
      16  x     16 A  LL          .               .               .                None           .          56
      17  x     17 A  LL          .               .               .                None           .          57
      18  x     18 A  LL          .               .               .                None           .          58
      19  x     19 A  LL          .               .               .                None           .          59
      20  x     20 A  LL          .               .               .                None           .          60
      21  x     21    BS         0.00245          .               .                None           .          61
      22  x     22 A  LL          .               .               .                None           .          62
      23  x     23 A  LL          .               .               .                None           .          63
      24  x     24 A  LL          .               .               .                None           .          64
      25  x     25    BS         0.00245          .               .                None           .          65
      26  x     26 A  LL          .               .               .                None           .          66
      27  x     27 A  LL          .               .               .                None           .          67
      28  x     28 A  FR         1.0              .               .                None           .          68
      29  x     29 D  BS        -0.00000          .               .                None           .          69
      30  x     30    BS         4.00000          .               .                None           .          70
      31  x     31    BS         4.00000          .               .                None           .          71
      32  x     32    BS         4.00000          .               .                None           .          72
      33  x     33    BS         4.00000          .               .                None           .          73
      34  x     34    BS         4.00000          .               .                None           .          74
      35  x     35    BS         4.00000          .               .                None           .          75
      36  x     36    BS         4.00000          .               .                None           .          76
      37  x     37    BS         4.00000          .               .                None           .          77
      38  x     38    BS         0.01962          .               .                None           .          78
      39  x     39    BS         0.00002          .               .                None           .          79
      40  x     40 A  LL          .               .               .                None           .          80
 
 Time for MPS input                             0.00 seconds
 Time for solving problem                       0.00 seconds
 Time for solution output                       0.00 seconds
 Time for constraint functions                  0.00 seconds
 Time for objective function                    0.00 seconds
