value array 1: 6 1 2 2 8 8 8 9
value array 2: 6 1 2 2 8 8 9 8
Ct body nodes are: BodyNode_0, BodyNode_1, BodyNode_2, BodyNode_2, BodyNode_4, BodyNode_4, BodyNode_4, BodyNode_4, 
value array 1: 6 7 9 6 4 9 0 7 2
value array 2: 6 7 9 6 4 2 9 7 2
Ct body nodes are: BodyNode_0, BodyNode_1, BodyNode_2, BodyNode_2, BodyNode_3, BodyNode_4, BodyNode_4, BodyNode_4, BodyNode_4, 
value array 1: 6 7 9 6 4 0 9 6 8
value array 2: 6 7 9 6 4 9 0 6 8
Ct body nodes are: BodyNode_0, BodyNode_1, BodyNode_2, BodyNode_2, BodyNode_3, BodyNode_4, BodyNode_4, BodyNode_4, BodyNode_4, 
value array 1: 6 0 8 4 9 0 7 0
value array 2: 6 0 8 4 0 9 7 0
Ct body nodes are: BodyNode_0, BodyNode_1, BodyNode_2, BodyNode_3, BodyNode_4, BodyNode_4, BodyNode_4, BodyNode_4, 
value array 1: 6 1 1 4 8 9 8 8
value array 2: 6 1 1 4 9 8 8 8
Ct body nodes are: BodyNode_0, BodyNode_1, BodyNode_2, BodyNode_3, BodyNode_4, BodyNode_4, BodyNode_4, BodyNode_4, 
value array 1: 6 1 7 8 8 9 8 8
value array 2: 6 1 7 8 9 8 8 8
Ct body nodes are: BodyNode_0, BodyNode_1, BodyNode_2, BodyNode_3, BodyNode_4, BodyNode_4, BodyNode_4, BodyNode_4, 
value array 1: 5 0 3 5 1 2 3 9 3
value array 2: 5 0 3 5 1 3 4 3 9
Ct body nodes are: BodyNode_0, BodyNode_1, BodyNode_2, BodyNode_2, BodyNode_3, BodyNode_4, BodyNode_4, BodyNode_4, BodyNode_4, 
value array 1: 1 5 5 9 0 6 9 1
value array 2: 1 5 5 9 0 9 6 1
Ct body nodes are: BodyNode_0, BodyNode_1, BodyNode_2, BodyNode_3, BodyNode_4, BodyNode_4, BodyNode_4, BodyNode_4, 
value array 1: 4 0 9 2 2 9 5 4
value array 2: 4 0 9 2 2 0 9 4
Ct body nodes are: BodyNode_0, BodyNode_1, BodyNode_1, BodyNode_2, BodyNode_4, BodyNode_4, BodyNode_4, BodyNode_4, 
value array 1: 4 0 9 2 2 0 5 9
value array 2: 4 0 9 2 2 0 9 4
Ct body nodes are: BodyNode_0, BodyNode_1, BodyNode_1, BodyNode_2, BodyNode_4, BodyNode_4, BodyNode_4, BodyNode_4, 
value array 1: 5 7 9 2 2 0 4 9
value array 2: 5 7 9 1 2 0 9 4
Ct body nodes are: BodyNode_0, BodyNode_1, BodyNode_1, BodyNode_2, BodyNode_4, BodyNode_4, BodyNode_4, BodyNode_4, 
value array 1: 5 8 1 2 0 9 4
value array 2: 5 8 1 2 0 4 9
Ct body nodes are: BodyNode_0, BodyNode_1, BodyNode_2, BodyNode_4, BodyNode_4, BodyNode_4, BodyNode_4, 
value array 1: 9 9 9 9 2 4 3
value array 2: 9 9 9 2 9 4 2
Ct body nodes are: BodyNode_0, BodyNode_1, BodyNode_2, BodyNode_4, BodyNode_4, BodyNode_4, BodyNode_4, 
value array 1: 9 9 4 2 1
value array 2: 9 4 9 2 1
Ct body nodes are: BodyNode_2, BodyNode_4, BodyNode_4, BodyNode_4, BodyNode_4, 
value array 1: 4 9 0 6 4 2 9
value array 2: 4 9 0 6 4 9 0
Ct body nodes are: BodyNode_1, BodyNode_2, BodyNode_2, BodyNode_4, BodyNode_4, BodyNode_4, BodyNode_4, 
value array 1: 4 9 0 6 4 9 0
value array 2: 4 9 0 6 4 2 9
Ct body nodes are: BodyNode_1, BodyNode_2, BodyNode_2, BodyNode_4, BodyNode_4, BodyNode_4, BodyNode_4, 
value array 1: 4 0 9 4 2 0
value array 2: 4 0 6 9 2 0
Ct body nodes are: BodyNode_1, BodyNode_2, BodyNode_4, BodyNode_4, BodyNode_4, BodyNode_4, 
