value array 1: 6 5 5 9 2 2 9 7
value array 2: 5 5 6 9 2 2 9 7
Ct body nodes are: BodyNode_0, BodyNode_0, BodyNode_0, BodyNode_0, BodyNode_2, BodyNode_3, BodyNode_3, BodyNode_4, 
value array 1: 9 5 6 5 9 0
value array 2: 4 5 5 9 9 0
Ct body nodes are: BodyNode_0, BodyNode_0, BodyNode_0, BodyNode_0, BodyNode_2, BodyNode_4, 
value array 1: 8 8 9 8 9 7
value array 2: 8 9 8 8 9 7
Ct body nodes are: BodyNode_0, BodyNode_0, BodyNode_0, BodyNode_0, BodyNode_2, BodyNode_4, 
value array 1: 9 7 7 6
value array 2: 7 6 7 9
Ct body nodes are: BodyNode_0, BodyNode_0, BodyNode_0, BodyNode_0, 
value array 1: 9 1 6 6
value array 2: 0 1 6 9
Ct body nodes are: BodyNode_0, BodyNode_0, BodyNode_0, BodyNode_0, 
value array 1: 9 7 7 0
value array 2: 0 9 7 7
Ct body nodes are: BodyNode_0, BodyNode_0, BodyNode_0, BodyNode_0, 
value array 1: 9 7 7 6
value array 2: 7 6 7 9
Ct body nodes are: BodyNode_0, BodyNode_0, BodyNode_0, BodyNode_0, 
value array 1: 6 5 5 9 0
value array 2: 9 5 4 5 0
Ct body nodes are: BodyNode_0, BodyNode_0, BodyNode_0, BodyNode_0, BodyNode_2, 
value array 1: 8 8 8 9 0
value array 2: 9 8 8 8 0
Ct body nodes are: BodyNode_0, BodyNode_0, BodyNode_0, BodyNode_0, BodyNode_2, 
value array 1: 8 8 9 8 0
value array 2: 8 9 8 8 0
Ct body nodes are: BodyNode_0, BodyNode_0, BodyNode_0, BodyNode_0, BodyNode_2, 
value array 1: 8 8 9 8 9
value array 2: 8 8 8 9 9
Ct body nodes are: BodyNode_0, BodyNode_0, BodyNode_0, BodyNode_0, BodyNode_2, 
value array 1: 8 8 8 9 9
value array 2: 8 8 9 8 9
Ct body nodes are: BodyNode_0, BodyNode_0, BodyNode_0, BodyNode_0, BodyNode_2, 
value array 1: 3 2 9 3 9 8
value array 2: 3 9 2 3 9 8
Ct body nodes are: BodyNode_0, BodyNode_0, BodyNode_0, BodyNode_0, BodyNode_1, BodyNode_3, 
value array 1: 1 2 1 0 6 6 2
value array 2: 1 0 1 0 6 6 2
Ct body nodes are: BodyNode_0, BodyNode_0, BodyNode_0, BodyNode_1, BodyNode_1, BodyNode_4, BodyNode_4, 
value array 1: 0 4 9 6 9 3
value array 2: 0 4 6 9 9 3
Ct body nodes are: BodyNode_0, BodyNode_0, BodyNode_0, BodyNode_0, BodyNode_1, BodyNode_4, 
value array 1: 7 5 6 9 9 3
value array 2: 0 5 9 6 9 3
Ct body nodes are: BodyNode_0, BodyNode_0, BodyNode_0, BodyNode_0, BodyNode_1, BodyNode_4, 
value array 1: 9 5 6 6 9
value array 2: 7 5 6 9 9
Ct body nodes are: BodyNode_0, BodyNode_0, BodyNode_0, BodyNode_0, BodyNode_1, 
value array 1: 0 5 6 9 9
value array 2: 9 5 6 6 9
Ct body nodes are: BodyNode_0, BodyNode_0, BodyNode_0, BodyNode_0, BodyNode_1, 
value array 1: 9 5 6 6 9
value array 2: 0 5 6 9 9
Ct body nodes are: BodyNode_0, BodyNode_0, BodyNode_0, BodyNode_0, BodyNode_1, 
value array 1: 8 8 9 8 9
value array 2: 8 9 8 8 9
Ct body nodes are: BodyNode_0, BodyNode_0, BodyNode_0, BodyNode_0, BodyNode_1, 
value array 1: 3 2 9 3 0 7
value array 2: 3 9 3 4 0 7
Ct body nodes are: BodyNode_0, BodyNode_0, BodyNode_0, BodyNode_0, BodyNode_1, BodyNode_2, 
value array 1: 3 9 3 4 0 7
value array 2: 3 2 9 3 0 7
Ct body nodes are: BodyNode_0, BodyNode_0, BodyNode_0, BodyNode_0, BodyNode_1, BodyNode_2, 
value array 1: 3 9 3 4 0 7
value array 2: 3 2 9 3 0 7
Ct body nodes are: BodyNode_0, BodyNode_0, BodyNode_0, BodyNode_0, BodyNode_1, BodyNode_2, 
value array 1: 5 6 5 4 2 2 3
value array 2: 5 4 5 4 2 2 3
Ct body nodes are: BodyNode_0, BodyNode_0, BodyNode_0, BodyNode_1, BodyNode_2, BodyNode_3, BodyNode_4, 
value array 1: 6 7 7 4 9 4 2 2
value array 2: 0 7 7 4 9 4 2 2
Ct body nodes are: BodyNode_0, BodyNode_0, BodyNode_0, BodyNode_1, BodyNode_2, BodyNode_2, BodyNode_3, BodyNode_4, 
value array 1: 3 2 3 0
value array 2: 3 3 2 0
Ct body nodes are: BodyNode_0, BodyNode_0, BodyNode_0, BodyNode_1, 
value array 1: 3 3 2 0
value array 2: 3 2 3 0
Ct body nodes are: BodyNode_0, BodyNode_0, BodyNode_0, BodyNode_1, 
value array 1: 3 2 3 0
value array 2: 3 3 2 0
Ct body nodes are: BodyNode_0, BodyNode_0, BodyNode_0, BodyNode_1, 
value array 1: 3 2 3 0
value array 2: 3 3 2 0
Ct body nodes are: BodyNode_0, BodyNode_0, BodyNode_0, BodyNode_1, 
value array 1: 5 5 4 9 0 4 0
value array 2: 5 5 9 4 0 4 0
Ct body nodes are: BodyNode_0, BodyNode_0, BodyNode_0, BodyNode_0, BodyNode_1, BodyNode_2, BodyNode_2, 
value array 1: 8 9 8 8 4 0
value array 2: 8 8 9 8 4 0
Ct body nodes are: BodyNode_0, BodyNode_0, BodyNode_0, BodyNode_0, BodyNode_2, BodyNode_2, 
value array 1: 2 2 9 2 9 6
value array 2: 2 9 3 2 6 6
Ct body nodes are: BodyNode_0, BodyNode_0, BodyNode_0, BodyNode_0, BodyNode_3, BodyNode_4, 
value array 1: 2 2 9 2 5 6
value array 2: 2 9 3 2 5 6
Ct body nodes are: BodyNode_0, BodyNode_0, BodyNode_0, BodyNode_0, BodyNode_3, BodyNode_4, 
value array 1: 2 2 9 1 5 6
value array 2: 2 9 4 2 5 6
Ct body nodes are: BodyNode_0, BodyNode_0, BodyNode_0, BodyNode_0, BodyNode_3, BodyNode_4, 
value array 1: 2 9 4 2 5 6
value array 2: 2 2 9 1 5 6
Ct body nodes are: BodyNode_0, BodyNode_0, BodyNode_0, BodyNode_0, BodyNode_3, BodyNode_4, 
value array 1: 2 9 3 2 5 6
value array 2: 2 2 9 2 5 6
Ct body nodes are: BodyNode_0, BodyNode_0, BodyNode_0, BodyNode_0, BodyNode_3, BodyNode_4, 
value array 1: 2 2 9 2 5 6
value array 2: 2 9 3 2 5 6
Ct body nodes are: BodyNode_0, BodyNode_0, BodyNode_0, BodyNode_0, BodyNode_3, BodyNode_4, 
value array 1: 7 3 2 2
value array 2: 7 3 4 2
Ct body nodes are: BodyNode_0, BodyNode_2, BodyNode_2, BodyNode_4, 
value array 1: 8 8 9 8 7
value array 2: 8 9 8 8 7
Ct body nodes are: BodyNode_0, BodyNode_0, BodyNode_0, BodyNode_0, BodyNode_4, 
value array 1: 0 1 9 1 5
value array 2: 0 9 1 1 5
Ct body nodes are: BodyNode_0, BodyNode_0, BodyNode_0, BodyNode_0, BodyNode_1, 
value array 1: 8 9 8 8 5
value array 2: 8 8 9 8 5
Ct body nodes are: BodyNode_0, BodyNode_0, BodyNode_0, BodyNode_0, BodyNode_1, 
value array 1: 8 9 8 8 5
value array 2: 8 8 9 8 5
Ct body nodes are: BodyNode_0, BodyNode_0, BodyNode_0, BodyNode_0, BodyNode_1, 
value array 1: 8 8 9 8 5
value array 2: 8 9 8 8 5
Ct body nodes are: BodyNode_0, BodyNode_0, BodyNode_0, BodyNode_0, BodyNode_1, 
value array 1: 8 9 8 8 5
value array 2: 8 8 9 8 5
Ct body nodes are: BodyNode_0, BodyNode_0, BodyNode_0, BodyNode_0, BodyNode_1, 
value array 1: 8 8 9 8 5
value array 2: 8 9 8 8 5
Ct body nodes are: BodyNode_0, BodyNode_0, BodyNode_0, BodyNode_0, BodyNode_1, 
value array 1: 9 5 6 5 9
value array 2: 9 5 5 6 9
Ct body nodes are: BodyNode_0, BodyNode_0, BodyNode_0, BodyNode_0, BodyNode_2, 
value array 1: 8 8 8 9 9
value array 2: 8 8 9 8 9
Ct body nodes are: BodyNode_0, BodyNode_0, BodyNode_0, BodyNode_0, BodyNode_2, 
value array 1: 8 9 8 8 9
value array 2: 8 8 9 8 9
Ct body nodes are: BodyNode_0, BodyNode_0, BodyNode_0, BodyNode_0, BodyNode_2, 
value array 1: 8 9 8 8 9
value array 2: 8 8 9 8 9
Ct body nodes are: BodyNode_0, BodyNode_0, BodyNode_0, BodyNode_0, BodyNode_2, 
value array 1: 6 5 6 9 9
value array 2: 9 5 6 6 9
Ct body nodes are: BodyNode_0, BodyNode_0, BodyNode_0, BodyNode_0, BodyNode_2, 
value array 1: 6 5 6 9 9
value array 2: 9 5 6 6 9
Ct body nodes are: BodyNode_0, BodyNode_0, BodyNode_0, BodyNode_0, BodyNode_2, 
value array 1: 8 8 9 8
value array 2: 8 9 8 8
Ct body nodes are: BodyNode_0, BodyNode_0, BodyNode_0, BodyNode_0, 
value array 1: 8 8 8 9 9 9
value array 2: 9 8 8 8 9 9
Ct body nodes are: BodyNode_0, BodyNode_0, BodyNode_0, BodyNode_0, BodyNode_1, BodyNode_4, 
value array 1: 2 2 9 1 8
value array 2: 2 9 2 1 8
Ct body nodes are: BodyNode_0, BodyNode_0, BodyNode_0, BodyNode_0, BodyNode_4, 
value array 1: 9 1 2 1 8
value array 2: 1 9 2 1 8
Ct body nodes are: BodyNode_0, BodyNode_0, BodyNode_0, BodyNode_0, BodyNode_4, 
value array 1: 0 6 6 9 9 9
value array 2: 9 5 6 0 9 9
Ct body nodes are: BodyNode_0, BodyNode_0, BodyNode_0, BodyNode_0, BodyNode_1, BodyNode_3, 
value array 1: 0 6 6 9 9 0
value array 2: 9 6 6 0 9 0
Ct body nodes are: BodyNode_0, BodyNode_0, BodyNode_0, BodyNode_0, BodyNode_1, BodyNode_3, 
value array 1: 6 7 7 9 3
value array 2: 7 6 7 9 3
Ct body nodes are: BodyNode_0, BodyNode_0, BodyNode_0, BodyNode_0, BodyNode_3, 
value array 1: 6 0 9 4 9 9 9 9
value array 2: 6 9 2 4 9 9 9 9
Ct body nodes are: BodyNode_0, BodyNode_0, BodyNode_0, BodyNode_0, BodyNode_1, BodyNode_1, BodyNode_2, BodyNode_3, 
value array 1: 6 5 9 5 9 0
value array 2: 4 5 9 5 9 0
Ct body nodes are: BodyNode_0, BodyNode_0, BodyNode_0, BodyNode_0, BodyNode_1, BodyNode_3, 
value array 1: 6 0 2 9 9 0 5
value array 2: 9 0 2 4 9 0 5
Ct body nodes are: BodyNode_0, BodyNode_0, BodyNode_0, BodyNode_0, BodyNode_1, BodyNode_2, BodyNode_3, 
value array 1: 6 0 9 4 9 0 5
value array 2: 6 0 2 9 9 0 5
Ct body nodes are: BodyNode_0, BodyNode_0, BodyNode_0, BodyNode_0, BodyNode_1, BodyNode_2, BodyNode_3, 
value array 1: 6 7 9 4 9 0 5
value array 2: 6 6 8 9 9 0 5
Ct body nodes are: BodyNode_0, BodyNode_0, BodyNode_0, BodyNode_0, BodyNode_1, BodyNode_2, BodyNode_3, 
value array 1: 3 9 3 4 9 9 7
value array 2: 3 2 9 3 9 9 7
Ct body nodes are: BodyNode_0, BodyNode_0, BodyNode_0, BodyNode_0, BodyNode_1, BodyNode_2, BodyNode_4, 
value array 1: 9 1 2 1 9
value array 2: 1 9 2 1 9
Ct body nodes are: BodyNode_0, BodyNode_0, BodyNode_0, BodyNode_0, BodyNode_4, 
value array 1: 5 6 5 0
value array 2: 5 5 6 0
Ct body nodes are: BodyNode_0, BodyNode_0, BodyNode_0, BodyNode_3, 
value array 1: 3 3 9 2 9 9
value array 2: 3 9 3 2 9 9
Ct body nodes are: BodyNode_0, BodyNode_0, BodyNode_0, BodyNode_0, BodyNode_1, BodyNode_4, 
value array 1: 6 6 3 9 9 9
value array 2: 9 7 2 4 9 9
Ct body nodes are: BodyNode_0, BodyNode_0, BodyNode_0, BodyNode_0, BodyNode_1, BodyNode_3, 
value array 1: 4 5 9 4 9 9
value array 2: 5 6 4 9 9 9
Ct body nodes are: BodyNode_0, BodyNode_0, BodyNode_0, BodyNode_0, BodyNode_1, BodyNode_3, 
value array 1: 8 8 9 8 2
value array 2: 8 9 8 8 2
Ct body nodes are: BodyNode_0, BodyNode_0, BodyNode_0, BodyNode_0, BodyNode_1, 
value array 1: 8 9 8 8 2
value array 2: 8 8 9 8 2
Ct body nodes are: BodyNode_0, BodyNode_0, BodyNode_0, BodyNode_0, BodyNode_1, 
value array 1: 8 9 8 8 9
value array 2: 9 8 8 8 9
Ct body nodes are: BodyNode_0, BodyNode_0, BodyNode_0, BodyNode_0, BodyNode_1, 
value array 1: 8 8 9 8 9
value array 2: 8 9 8 8 9
Ct body nodes are: BodyNode_0, BodyNode_0, BodyNode_0, BodyNode_0, BodyNode_1, 
